#
# There is insufficient memory for the Java Runtime Environment to continue.
# Native memory allocation (malloc) failed to allocate 32744 bytes for ChunkPool::allocate
# Possible reasons:
#   The system is out of physical RAM or swap space
#   In 32 bit mode, the process size limit was hit
# Possible solutions:
#   Reduce memory load on the system
#   Increase physical memory or swap space
#   Check if swap backing store is full
#   Use 64 bit Java on a 64 bit OS
#   Decrease Java heap size (-Xmx/-Xms)
#   Decrease number of Java threads
#   Decrease Java thread stack sizes (-Xss)
#   Set larger code cache with -XX:ReservedCodeCacheSize=
# This output file may be truncated or incomplete.
#
#  Out of Memory Error (allocation.cpp:273), pid=6116, tid=0x0000000000001520
#
# JRE version: OpenJDK Runtime Environment (8.0_152-b02) (build 1.8.0_152-release-1024-b02)
# Java VM: OpenJDK 64-Bit Server VM (25.152-b02 mixed mode windows-amd64 compressed oops)
# Failed to write core dump. Minidumps are not enabled by default on client versions of Windows
#

---------------  T H R E A D  ---------------

Current thread (0x00000000162bf800):  JavaThread "C2 CompilerThread1" daemon [_thread_in_native, id=5408, stack(0x0000000017a10000,0x0000000017b10000)]

Stack: [0x0000000017a10000,0x0000000017b10000]
[error occurred during error reporting (printing stack bounds), id 0xc0000005]

Native frames: (J=compiled Java code, j=interpreted, Vv=VM code, C=native code)


Current CompileTask:
C2:   5436 1431   !   4       java.net.URLClassLoader$1::run (63 bytes)


---------------  P R O C E S S  ---------------

Java Threads: ( => current thread )
  0x0000000019922800 JavaThread "Cache worker for file hash cache (C:\Users\Max\YandexDisk\Education\AndroidAcademy\Cours1\Week2\MyPortfolio\.gradle\4.4\fileHashes)" [_thread_blocked, id=1224, stack(0x000000001bf60000,0x000000001c060000)]
  0x0000000019386000 JavaThread "File lock request listener" [_thread_in_native, id=7456, stack(0x000000001ad60000,0x000000001ae60000)]
  0x0000000019394000 JavaThread "Cache worker for file hash cache (C:\Users\Max\.gradle\caches\4.4\fileHashes)" [_thread_blocked, id=3656, stack(0x000000001ac60000,0x000000001ad60000)]
  0x0000000019073800 JavaThread "Stdin handler" [_thread_blocked, id=2788, stack(0x000000001a960000,0x000000001aa60000)]
  0x0000000019070800 JavaThread "Asynchronous log dispatcher for DefaultDaemonConnection: socket connection from /127.0.0.1:58474 to /127.0.0.1:58475" [_thread_blocked, id=8008, stack(0x000000001a860000,0x000000001a960000)]
  0x0000000019067800 JavaThread "Daemon worker" [_thread_in_vm, id=10840, stack(0x000000001a760000,0x000000001a860000)]
  0x0000000019066800 JavaThread "Cancel handler" [_thread_blocked, id=2820, stack(0x000000001a660000,0x000000001a760000)]
  0x00000000192ff000 JavaThread "Handler for socket connection from /127.0.0.1:58474 to /127.0.0.1:58475" [_thread_in_native, id=9944, stack(0x000000001a360000,0x000000001a460000)]
  0x00000000192fe000 JavaThread "Daemon" [_thread_blocked, id=10080, stack(0x000000001a260000,0x000000001a360000)]
  0x0000000019103000 JavaThread "Daemon periodic checks" [_thread_blocked, id=1156, stack(0x000000001a160000,0x000000001a260000)]
  0x00000000190fb000 JavaThread "Incoming local TCP Connector on port 58474" [_thread_in_native, id=11160, stack(0x0000000019f20000,0x000000001a020000)]
  0x0000000017c38800 JavaThread "Service Thread" daemon [_thread_blocked, id=1152, stack(0x0000000018010000,0x0000000018110000)]
  0x00000000162c8000 JavaThread "C1 CompilerThread2" daemon [_thread_blocked, id=6536, stack(0x0000000017b10000,0x0000000017c10000)]
=>0x00000000162bf800 JavaThread "C2 CompilerThread1" daemon [_thread_in_native, id=5408, stack(0x0000000017a10000,0x0000000017b10000)]
  0x00000000162bc000 JavaThread "C2 CompilerThread0" daemon [_thread_in_native, id=9796, stack(0x0000000017910000,0x0000000017a10000)]
  0x00000000162ba800 JavaThread "Attach Listener" daemon [_thread_blocked, id=5336, stack(0x0000000017810000,0x0000000017910000)]
  0x00000000162c7000 JavaThread "Signal Dispatcher" daemon [_thread_blocked, id=5480, stack(0x0000000017710000,0x0000000017810000)]
  0x00000000162a8000 JavaThread "Finalizer" daemon [_thread_blocked, id=7720, stack(0x0000000017510000,0x0000000017610000)]
  0x0000000002941800 JavaThread "Reference Handler" daemon [_thread_blocked, id=8828, stack(0x0000000017410000,0x0000000017510000)]
  0x000000000274e000 JavaThread "main" [_thread_blocked, id=11200, stack(0x0000000002750000,0x0000000002850000)]

Other Threads:
  0x0000000016284800 VMThread [stack: 0x0000000017310000,0x0000000017410000] [id=8860]
  0x000000001631d800 WatcherThread [stack: 0x0000000018110000,0x0000000018210000] [id=10836]

VM state:not at safepoint (normal execution)

VM Mutex/Monitor currently owned by a thread: None

Heap:
 PSYoungGen      total 35328K, used 32352K [0x00000000e0000000, 0x00000000e4d00000, 0x0000000100000000)
  eden space 32768K, 90% used [0x00000000e0000000,0x00000000e1d1c048,0x00000000e2000000)
  from space 2560K, 99% used [0x00000000e2000000,0x00000000e227c010,0x00000000e2280000)
  to   space 6656K, 0% used [0x00000000e4680000,0x00000000e4680000,0x00000000e4d00000)
 ParOldGen       total 44032K, used 6869K [0x00000000a0000000, 0x00000000a2b00000, 0x00000000e0000000)
  object space 44032K, 15% used [0x00000000a0000000,0x00000000a06b5488,0x00000000a2b00000)
 Metaspace       used 17244K, capacity 17660K, committed 17792K, reserved 1064960K
  class space    used 2485K, capacity 2654K, committed 2688K, reserved 1048576K

Card table byte_map: [0x0000000011d10000,0x0000000012020000] byte_map_base: 0x0000000011810000

Marking Bits: (ParMarkBitMap*) 0x00000000678f4970
 Begin Bits: [0x0000000012620000, 0x0000000013e20000)
 End Bits:   [0x0000000013e20000, 0x0000000015620000)

Polling page: 0x00000000003f0000

CodeCache: size=245760Kb used=5274Kb max_used=5274Kb free=240485Kb
 bounds [0x0000000002950000, 0x0000000002e80000, 0x0000000011950000]
 total_blobs=1914 nmethods=1536 adapters=291
 compilation: enabled

Compilation events (10 events):
Event: 5.390 Thread 0x00000000162c8000 1537       3       com.google.common.collect.ObjectArrays::checkElementNotNull (33 bytes)
Event: 5.392 Thread 0x00000000162c8000 nmethod 1537 0x0000000002e76750 code [0x0000000002e76920, 0x0000000002e77138]
Event: 5.408 Thread 0x00000000162c8000 1538  s    3       java.io.ExpiringCache::get (39 bytes)
Event: 5.409 Thread 0x00000000162c8000 nmethod 1538 0x0000000002e774d0 code [0x0000000002e77660, 0x0000000002e77a98]
Event: 5.409 Thread 0x00000000162c8000 1539       1       java.io.ExpiringCache::access$000 (5 bytes)
Event: 5.410 Thread 0x00000000162c8000 nmethod 1539 0x0000000002e77bd0 code [0x0000000002e77d20, 0x0000000002e77e10]
Event: 5.410 Thread 0x00000000162c8000 1540       3       java.lang.ReflectiveOperationException::<init> (6 bytes)
Event: 5.410 Thread 0x00000000162c8000 nmethod 1540 0x0000000002e77e90 code [0x0000000002e78000, 0x0000000002e781e8]
Event: 5.411 Thread 0x00000000162c8000 1541       3       com.google.common.collect.RegularImmutableSet::contains (48 bytes)
Event: 5.412 Thread 0x00000000162c8000 nmethod 1541 0x0000000002e782d0 code [0x0000000002e78480, 0x0000000002e789d8]

GC Heap History (10 events):
Event: 1.019 GC heap before
{Heap before GC invocations=1 (full 0):
 PSYoungGen      total 18944K, used 16384K [0x00000000e0000000, 0x00000000e1500000, 0x0000000100000000)
  eden space 16384K, 100% used [0x00000000e0000000,0x00000000e1000000,0x00000000e1000000)
  from space 2560K, 0% used [0x00000000e1280000,0x00000000e1280000,0x00000000e1500000)
  to   space 2560K, 0% used [0x00000000e1000000,0x00000000e1000000,0x00000000e1280000)
 ParOldGen       total 44032K, used 0K [0x00000000a0000000, 0x00000000a2b00000, 0x00000000e0000000)
  object space 44032K, 0% used [0x00000000a0000000,0x00000000a0000000,0x00000000a2b00000)
 Metaspace       used 6052K, capacity 6192K, committed 6528K, reserved 1056768K
  class space    used 742K, capacity 813K, committed 896K, reserved 1048576K
Event: 1.026 GC heap after
Heap after GC invocations=1 (full 0):
 PSYoungGen      total 18944K, used 2538K [0x00000000e0000000, 0x00000000e1500000, 0x0000000100000000)
  eden space 16384K, 0% used [0x00000000e0000000,0x00000000e0000000,0x00000000e1000000)
  from space 2560K, 99% used [0x00000000e1000000,0x00000000e127aa48,0x00000000e1280000)
  to   space 2560K, 0% used [0x00000000e1280000,0x00000000e1280000,0x00000000e1500000)
 ParOldGen       total 44032K, used 443K [0x00000000a0000000, 0x00000000a2b00000, 0x00000000e0000000)
  object space 44032K, 1% used [0x00000000a0000000,0x00000000a006edd8,0x00000000a2b00000)
 Metaspace       used 6052K, capacity 6192K, committed 6528K, reserved 1056768K
  class space    used 742K, capacity 813K, committed 896K, reserved 1048576K
}
Event: 1.455 GC heap before
{Heap before GC invocations=2 (full 0):
 PSYoungGen      total 18944K, used 18922K [0x00000000e0000000, 0x00000000e1500000, 0x0000000100000000)
  eden space 16384K, 100% used [0x00000000e0000000,0x00000000e1000000,0x00000000e1000000)
  from space 2560K, 99% used [0x00000000e1000000,0x00000000e127aa48,0x00000000e1280000)
  to   space 2560K, 0% used [0x00000000e1280000,0x00000000e1280000,0x00000000e1500000)
 ParOldGen       total 44032K, used 443K [0x00000000a0000000, 0x00000000a2b00000, 0x00000000e0000000)
  object space 44032K, 1% used [0x00000000a0000000,0x00000000a006edd8,0x00000000a2b00000)
 Metaspace       used 6904K, capacity 7056K, committed 7424K, reserved 1056768K
  class space    used 843K, capacity 909K, committed 1024K, reserved 1048576K
Event: 1.463 GC heap after
Heap after GC invocations=2 (full 0):
 PSYoungGen      total 18944K, used 2558K [0x00000000e0000000, 0x00000000e2500000, 0x0000000100000000)
  eden space 16384K, 0% used [0x00000000e0000000,0x00000000e0000000,0x00000000e1000000)
  from space 2560K, 99% used [0x00000000e1280000,0x00000000e14ff870,0x00000000e1500000)
  to   space 2560K, 0% used [0x00000000e1000000,0x00000000e1000000,0x00000000e1280000)
 ParOldGen       total 44032K, used 465K [0x00000000a0000000, 0x00000000a2b00000, 0x00000000e0000000)
  object space 44032K, 1% used [0x00000000a0000000,0x00000000a0074570,0x00000000a2b00000)
 Metaspace       used 6904K, capacity 7056K, committed 7424K, reserved 1056768K
  class space    used 843K, capacity 909K, committed 1024K, reserved 1048576K
}
Event: 1.868 GC heap before
{Heap before GC invocations=3 (full 0):
 PSYoungGen      total 18944K, used 18942K [0x00000000e0000000, 0x00000000e2500000, 0x0000000100000000)
  eden space 16384K, 100% used [0x00000000e0000000,0x00000000e1000000,0x00000000e1000000)
  from space 2560K, 99% used [0x00000000e1280000,0x00000000e14ff870,0x00000000e1500000)
  to   space 2560K, 0% used [0x00000000e1000000,0x00000000e1000000,0x00000000e1280000)
 ParOldGen       total 44032K, used 465K [0x00000000a0000000, 0x00000000a2b00000, 0x00000000e0000000)
  object space 44032K, 1% used [0x00000000a0000000,0x00000000a0074570,0x00000000a2b00000)
 Metaspace       used 7239K, capacity 7402K, committed 7680K, reserved 1056768K
  class space    used 913K, capacity 982K, committed 1024K, reserved 1048576K
Event: 1.872 GC heap after
Heap after GC invocations=3 (full 0):
 PSYoungGen      total 18944K, used 2530K [0x00000000e0000000, 0x00000000e2500000, 0x0000000100000000)
  eden space 16384K, 0% used [0x00000000e0000000,0x00000000e0000000,0x00000000e1000000)
  from space 2560K, 98% used [0x00000000e1000000,0x00000000e1278b80,0x00000000e1280000)
  to   space 2560K, 0% used [0x00000000e2280000,0x00000000e2280000,0x00000000e2500000)
 ParOldGen       total 44032K, used 837K [0x00000000a0000000, 0x00000000a2b00000, 0x00000000e0000000)
  object space 44032K, 1% used [0x00000000a0000000,0x00000000a00d1700,0x00000000a2b00000)
 Metaspace       used 7239K, capacity 7402K, committed 7680K, reserved 1056768K
  class space    used 913K, capacity 982K, committed 1024K, reserved 1048576K
}
Event: 3.483 GC heap before
{Heap before GC invocations=4 (full 0):
 PSYoungGen      total 18944K, used 18914K [0x00000000e0000000, 0x00000000e2500000, 0x0000000100000000)
  eden space 16384K, 100% used [0x00000000e0000000,0x00000000e1000000,0x00000000e1000000)
  from space 2560K, 98% used [0x00000000e1000000,0x00000000e1278b80,0x00000000e1280000)
  to   space 2560K, 0% used [0x00000000e2280000,0x00000000e2280000,0x00000000e2500000)
 ParOldGen       total 44032K, used 837K [0x00000000a0000000, 0x00000000a2b00000, 0x00000000e0000000)
  object space 44032K, 1% used [0x00000000a0000000,0x00000000a00d1700,0x00000000a2b00000)
 Metaspace       used 11641K, capacity 11984K, committed 12160K, reserved 1060864K
  class space    used 1538K, capacity 1644K, committed 1664K, reserved 1048576K
Event: 3.497 GC heap after
Heap after GC invocations=4 (full 0):
 PSYoungGen      total 35328K, used 2560K [0x00000000e0000000, 0x00000000e2500000, 0x0000000100000000)
  eden space 32768K, 0% used [0x00000000e0000000,0x00000000e0000000,0x00000000e2000000)
  from space 2560K, 100% used [0x00000000e2280000,0x00000000e2500000,0x00000000e2500000)
  to   space 2560K, 0% used [0x00000000e2000000,0x00000000e2000000,0x00000000e2280000)
 ParOldGen       total 44032K, used 3217K [0x00000000a0000000, 0x00000000a2b00000, 0x00000000e0000000)
  object space 44032K, 7% used [0x00000000a0000000,0x00000000a0324628,0x00000000a2b00000)
 Metaspace       used 11641K, capacity 11984K, committed 12160K, reserved 1060864K
  class space    used 1538K, capacity 1644K, committed 1664K, reserved 1048576K
}
Event: 4.315 GC heap before
{Heap before GC invocations=5 (full 0):
 PSYoungGen      total 35328K, used 35328K [0x00000000e0000000, 0x00000000e2500000, 0x0000000100000000)
  eden space 32768K, 100% used [0x00000000e0000000,0x00000000e2000000,0x00000000e2000000)
  from space 2560K, 100% used [0x00000000e2280000,0x00000000e2500000,0x00000000e2500000)
  to   space 2560K, 0% used [0x00000000e2000000,0x00000000e2000000,0x00000000e2280000)
 ParOldGen       total 44032K, used 3217K [0x00000000a0000000, 0x00000000a2b00000, 0x00000000e0000000)
  object space 44032K, 7% used [0x00000000a0000000,0x00000000a0324628,0x00000000a2b00000)
 Metaspace       used 14422K, capacity 14778K, committed 14976K, reserved 1062912K
  class space    used 2016K, capacity 2127K, committed 2176K, reserved 1048576K
Event: 4.333 GC heap after
Heap after GC invocations=5 (full 0):
 PSYoungGen      total 35328K, used 2544K [0x00000000e0000000, 0x00000000e4d00000, 0x0000000100000000)
  eden space 32768K, 0% used [0x00000000e0000000,0x00000000e0000000,0x00000000e2000000)
  from space 2560K, 99% used [0x00000000e2000000,0x00000000e227c010,0x00000000e2280000)
  to   space 6656K, 0% used [0x00000000e4680000,0x00000000e4680000,0x00000000e4d00000)
 ParOldGen       total 44032K, used 6869K [0x00000000a0000000, 0x00000000a2b00000, 0x00000000e0000000)
  object space 44032K, 15% used [0x00000000a0000000,0x00000000a06b5488,0x00000000a2b00000)
 Metaspace       used 14422K, capacity 14778K, committed 14976K, reserved 1062912K
  class space    used 2016K, capacity 2127K, committed 2176K, reserved 1048576K
}

Deoptimization events (10 events):
Event: 3.685 Thread 0x0000000019067800 Uncommon trap: reason=class_check action=maybe_recompile pc=0x0000000002bdb9a0 method=java.util.regex.Matcher.match(II)Z @ 86
Event: 4.193 Thread 0x0000000019067800 Uncommon trap: reason=class_check action=maybe_recompile pc=0x0000000002bdb9a0 method=java.util.regex.Matcher.match(II)Z @ 86
Event: 4.339 Thread 0x0000000019067800 Uncommon trap: reason=unstable_if action=reinterpret pc=0x0000000002db4034 method=java.lang.String.lastIndexOf([CII[CIII)I @ 66
Event: 4.981 Thread 0x0000000019067800 Uncommon trap: reason=unstable_if action=reinterpret pc=0x0000000002aa51c8 method=java.net.URI.match(CJJ)Z @ 19
Event: 4.981 Thread 0x0000000019067800 Uncommon trap: reason=unstable_if action=reinterpret pc=0x0000000002c08000 method=java.net.URI.match(CJJ)Z @ 19
Event: 5.122 Thread 0x0000000019067800 Uncommon trap: reason=unstable_if action=reinterpret pc=0x0000000002beb258 method=java.io.File.getName()Ljava/lang/String; @ 16
Event: 5.334 Thread 0x0000000019067800 Uncommon trap: reason=bimorphic action=maybe_recompile pc=0x0000000002dc40a0 method=java.lang.ClassLoader.loadClass(Ljava/lang/String;Z)Ljava/lang/Class; @ 38
Event: 5.340 Thread 0x0000000019067800 Uncommon trap: reason=bimorphic action=maybe_recompile pc=0x0000000002dc40a0 method=java.lang.ClassLoader.loadClass(Ljava/lang/String;Z)Ljava/lang/Class; @ 38
Event: 5.341 Thread 0x0000000019067800 Uncommon trap: reason=bimorphic action=maybe_recompile pc=0x0000000002dc40a0 method=java.lang.ClassLoader.loadClass(Ljava/lang/String;Z)Ljava/lang/Class; @ 38
Event: 5.342 Thread 0x0000000019067800 Uncommon trap: reason=bimorphic action=maybe_recompile pc=0x0000000002dc40a0 method=java.lang.ClassLoader.loadClass(Ljava/lang/String;Z)Ljava/lang/Class; @ 38

Classes redefined (0 events):
No events

Internal exceptions (10 events):
Event: 5.158 Thread 0x0000000019067800 Exception <a 'java/lang/NoSuchMethodError': <clinit>> (0x00000000e17b60b8) thrown at [D:\src\AOSP-openjdk-cygwin\jdk8u\hotspot\src\share\vm\prims\jni.cpp, line 1613]
Event: 5.158 Thread 0x0000000019067800 Exception <a 'java/lang/NoSuchMethodError': <clinit>> (0x00000000e17b8a58) thrown at [D:\src\AOSP-openjdk-cygwin\jdk8u\hotspot\src\share\vm\prims\jni.cpp, line 1613]
Event: 5.159 Thread 0x0000000019067800 Exception <a 'java/lang/NoSuchMethodError': <clinit>> (0x00000000e17c6048) thrown at [D:\src\AOSP-openjdk-cygwin\jdk8u\hotspot\src\share\vm\prims\jni.cpp, line 1613]
Event: 5.165 Thread 0x0000000019067800 Exception <a 'java/lang/NoSuchMethodError': <clinit>> (0x00000000e17d17c8) thrown at [D:\src\AOSP-openjdk-cygwin\jdk8u\hotspot\src\share\vm\prims\jni.cpp, line 1613]
Event: 5.353 Thread 0x0000000019067800 Exception <a 'java/lang/NoSuchMethodError': <clinit>> (0x00000000e1bdda98) thrown at [D:\src\AOSP-openjdk-cygwin\jdk8u\hotspot\src\share\vm\prims\jni.cpp, line 1613]
Event: 5.383 Thread 0x0000000019067800 Exception <a 'java/lang/NoSuchMethodError': <clinit>> (0x00000000e1c28ee0) thrown at [D:\src\AOSP-openjdk-cygwin\jdk8u\hotspot\src\share\vm\prims\jni.cpp, line 1613]
Event: 5.389 Thread 0x0000000019067800 Exception <a 'java/lang/NoSuchMethodError': <clinit>> (0x00000000e1c41038) thrown at [D:\src\AOSP-openjdk-cygwin\jdk8u\hotspot\src\share\vm\prims\jni.cpp, line 1613]
Event: 5.390 Thread 0x0000000019067800 Exception <a 'java/lang/NoSuchMethodError': <clinit>> (0x00000000e1c4b618) thrown at [D:\src\AOSP-openjdk-cygwin\jdk8u\hotspot\src\share\vm\prims\jni.cpp, line 1613]
Event: 5.406 Thread 0x0000000019067800 Exception <a 'java/lang/NoSuchMethodError': <clinit>> (0x00000000e1c7d1d0) thrown at [D:\src\AOSP-openjdk-cygwin\jdk8u\hotspot\src\share\vm\prims\jni.cpp, line 1613]
Event: 5.410 Thread 0x0000000019067800 Exception <a 'java/lang/NoSuchMethodError': <clinit>> (0x00000000e1c8cc90) thrown at [D:\src\AOSP-openjdk-cygwin\jdk8u\hotspot\src\share\vm\prims\jni.cpp, line 1613]

Events (10 events):
Event: 5.399 loading class com/google/appengine/gradle/model/AppEngineModel
Event: 5.399 loading class com/google/appengine/gradle/model/AppEngineModel done
Event: 5.402 loading class org/jetbrains/kotlin/android/synthetic/idea/AndroidExtensionsGradleModel
Event: 5.402 loading class org/jetbrains/kotlin/android/synthetic/idea/AndroidExtensionsGradleModel done
Event: 5.406 loading class org/jetbrains/kotlin/kapt/idea/KaptGradleModel
Event: 5.406 loading class org/jetbrains/kotlin/kapt/idea/KaptGradleModel done
Event: 5.411 loading class org/jetbrains/kotlin/allopen/ide/AllOpenModel
Event: 5.411 loading class org/jetbrains/kotlin/allopen/ide/AllOpenModel done
Event: 5.414 loading class org/jetbrains/kotlin/annotation/plugin/ide/AnnotationBasedPluginModel
Event: 5.414 loading class org/jetbrains/kotlin/annotation/plugin/ide/AnnotationBasedPluginModel done


Dynamic libraries:
0x00007ff796170000 - 0x00007ff7961a1000 	C:\Program Files\Android\Android Studio1\jre\bin\java.exe
0x00007ff99b2d0000 - 0x00007ff99b4b1000 	C:\WINDOWS\SYSTEM32\ntdll.dll
0x00007ff998cc0000 - 0x00007ff998d72000 	C:\WINDOWS\System32\KERNEL32.DLL
0x00007ff9982e0000 - 0x00007ff998553000 	C:\WINDOWS\System32\KERNELBASE.dll
0x00007ff999840000 - 0x00007ff9998e1000 	C:\WINDOWS\System32\ADVAPI32.dll
0x00007ff999500000 - 0x00007ff99959e000 	C:\WINDOWS\System32\msvcrt.dll
0x00007ff998810000 - 0x00007ff99886b000 	C:\WINDOWS\System32\sechost.dll
0x00007ff998f50000 - 0x00007ff999074000 	C:\WINDOWS\System32\RPCRT4.dll
0x00007ff998dc0000 - 0x00007ff998f50000 	C:\WINDOWS\System32\USER32.dll
0x00007ff998120000 - 0x00007ff998140000 	C:\WINDOWS\System32\win32u.dll
0x00007ff999640000 - 0x00007ff999668000 	C:\WINDOWS\System32\GDI32.dll
0x00007ff998560000 - 0x00007ff9986f2000 	C:\WINDOWS\System32\gdi32full.dll
0x00007ff998140000 - 0x00007ff9981df000 	C:\WINDOWS\System32\msvcp_win.dll
0x00007ff9981e0000 - 0x00007ff9982da000 	C:\WINDOWS\System32\ucrtbase.dll
0x00007ff989040000 - 0x00007ff9892a9000 	C:\WINDOWS\WinSxS\amd64_microsoft.windows.common-controls_6595b64144ccf1df_6.0.17134.286_none_fb43982d306480cc\COMCTL32.dll
0x00007ff99ad50000 - 0x00007ff99b073000 	C:\WINDOWS\System32\combase.dll
0x00007ff997eb0000 - 0x00007ff997f2a000 	C:\WINDOWS\System32\bcryptPrimitives.dll
0x00007ff998d90000 - 0x00007ff998dbd000 	C:\WINDOWS\System32\IMM32.DLL
0x0000000067ed0000 - 0x0000000067fa2000 	C:\Program Files\Android\Android Studio1\jre\jre\bin\msvcr100.dll
0x0000000067130000 - 0x000000006796f000 	C:\Program Files\Android\Android Studio1\jre\jre\bin\server\jvm.dll
0x00007ff998d80000 - 0x00007ff998d88000 	C:\WINDOWS\System32\PSAPI.DLL
0x00007ff9928a0000 - 0x00007ff9928a9000 	C:\WINDOWS\SYSTEM32\WSOCK32.dll
0x00007ff989c60000 - 0x00007ff989c6a000 	C:\WINDOWS\SYSTEM32\VERSION.dll
0x00007ff994350000 - 0x00007ff994373000 	C:\WINDOWS\SYSTEM32\WINMM.dll
0x00007ff999200000 - 0x00007ff99926c000 	C:\WINDOWS\System32\WS2_32.dll
0x00007ff994320000 - 0x00007ff99434a000 	C:\WINDOWS\SYSTEM32\WINMMBASE.dll
0x00007ff997750000 - 0x00007ff997799000 	C:\WINDOWS\System32\cfgmgr32.dll
0x00007ff992890000 - 0x00007ff99289f000 	C:\Program Files\Android\Android Studio1\jre\jre\bin\verify.dll
0x00007ff9926d0000 - 0x00007ff9926f9000 	C:\Program Files\Android\Android Studio1\jre\jre\bin\java.dll
0x00007ff991bb0000 - 0x00007ff991bc6000 	C:\Program Files\Android\Android Studio1\jre\jre\bin\zip.dll
0x00007ff999910000 - 0x00007ff99ad50000 	C:\WINDOWS\System32\SHELL32.dll
0x00007ff998760000 - 0x00007ff998809000 	C:\WINDOWS\System32\shcore.dll
0x00007ff9977a0000 - 0x00007ff997ead000 	C:\WINDOWS\System32\windows.storage.dll
0x00007ff999490000 - 0x00007ff9994e1000 	C:\WINDOWS\System32\shlwapi.dll
0x00007ff997600000 - 0x00007ff997611000 	C:\WINDOWS\System32\kernel.appcore.dll
0x00007ff997630000 - 0x00007ff99764f000 	C:\WINDOWS\System32\profapi.dll
0x00007ff997650000 - 0x00007ff99769c000 	C:\WINDOWS\System32\powrprof.dll
0x00007ff997620000 - 0x00007ff99762a000 	C:\WINDOWS\System32\FLTLIB.DLL
0x00007ff991880000 - 0x00007ff99189a000 	C:\Program Files\Android\Android Studio1\jre\jre\bin\net.dll
0x00007ff996e60000 - 0x00007ff996ec6000 	C:\WINDOWS\system32\mswsock.dll
0x00007ff991860000 - 0x00007ff991871000 	C:\Program Files\Android\Android Studio1\jre\jre\bin\nio.dll
0x00007ff98ca70000 - 0x00007ff98ca8e000 	C:\Users\Max\.gradle\native\25\windows-amd64\native-platform.dll
0x00007ff992110000 - 0x00007ff99211d000 	C:\Program Files\Android\Android Studio1\jre\jre\bin\management.dll
0x00007ff997010000 - 0x00007ff997027000 	C:\WINDOWS\SYSTEM32\CRYPTSP.dll
0x00007ff996a40000 - 0x00007ff996a73000 	C:\WINDOWS\system32\rsaenh.dll
0x00007ff997140000 - 0x00007ff997165000 	C:\WINDOWS\SYSTEM32\bcrypt.dll
0x00007ff997510000 - 0x00007ff997538000 	C:\WINDOWS\SYSTEM32\USERENV.dll
0x00007ff997030000 - 0x00007ff99703b000 	C:\WINDOWS\SYSTEM32\CRYPTBASE.dll
0x00007ff996be0000 - 0x00007ff996c18000 	C:\WINDOWS\SYSTEM32\IPHLPAPI.DLL
0x00007ff9994f0000 - 0x00007ff9994f8000 	C:\WINDOWS\System32\NSI.dll
0x00007ff98e470000 - 0x00007ff98e486000 	C:\WINDOWS\SYSTEM32\dhcpcsvc6.DLL
0x00007ff98efb0000 - 0x00007ff98efca000 	C:\WINDOWS\SYSTEM32\dhcpcsvc.DLL

VM Arguments:
jvm_args: -Xmx1536m -Dfile.encoding=windows-1251 -Duser.country=RU -Duser.language=ru -Duser.variant 
java_command: org.gradle.launcher.daemon.bootstrap.GradleDaemon 4.4
java_class_path (initial): C:\Users\Max\.gradle\wrapper\dists\gradle-4.4-all\9br9xq1tocpiv8o6njlyu5op1\gradle-4.4\lib\gradle-launcher-4.4.jar
Launcher Type: SUN_STANDARD

Environment Variables:
PATH=C:\Program Files (x86)\Common Files\Oracle\Java\javapath;C:\Program Files (x86)\Intel\iCLS Client\;C:\Program Files\Intel\iCLS Client\;C:\WINDOWS\system32;C:\WINDOWS;C:\WINDOWS\System32\Wbem;C:\WINDOWS\System32\WindowsPowerShell\v1.0\;C:\Program Files (x86)\Intel\OpenCL SDK\2.0\bin\x86;C:\Program Files (x86)\Intel\OpenCL SDK\2.0\bin\x64;C:\Program Files\Intel\Intel(R) Management Engine Components\DAL;C:\Program Files\Intel\Intel(R) Management Engine Components\IPT;C:\Program Files (x86)\Intel\Intel(R) Management Engine Components\DAL;C:\Program Files (x86)\Intel\Intel(R) Management Engine Components\IPT;C:\Program Files (x86)\QuickTime\QTSystem\;C:\Program Files (x86)\Skype\Phone\;C:\WINDOWS\System32\OpenSSH\;C:\Users\Max\AppData\Local\Android\Sdk\platform-tools\;C:\Program Files\Git\cmd;C:\Users\Max\AppData\Local\Microsoft\WindowsApps;
USERNAME=Max
OS=Windows_NT
PROCESSOR_IDENTIFIER=Intel64 Family 6 Model 58 Stepping 9, GenuineIntel



---------------  S Y S T E M  ---------------

OS: Windows 10.0 , 64 bit Build 17134 (10.0.17134.1)

CPU:total 4 (initial active 4) (2 cores per cpu, 2 threads per core) family 6 model 58 stepping 9, cmov, cx8, fxsr, mmx, sse, sse2, sse3, ssse3, sse4.1, sse4.2, popcnt, avx, clmul, erms, ht, tsc, tscinvbit, tscinv

Memory: 4k page, physical 4070680k(547796k free), swap 5881112k(4524k free)

vm_info: OpenJDK 64-Bit Server VM (25.152-b02) for windows-amd64 JRE (1.8.0_152-release-1024-b02), built by "builder" with MS VC++ 10.0 (VS2010)

time: Mon Sep 24 23:10:03 2018
elapsed time: 5 seconds (0d 0h 0m 5s)

